This is pdfTeX, Version 3.14159265-2.6-1.40.21 (TeX Live 2020/W32TeX) (preloaded format=pdflatex 2021.1.8)  16 MAY 2021 21:31
entering extended mode
 restricted \write18 enabled.
 %&-line parsing enabled.
**demo-thesis.tex
(./demo-thesis.tex
LaTeX2e <2020-10-01> patch level 3
L3 programming layer <2020-12-07> xparse <2020-03-03> (./comnets-thesis.cls
Document Class: comnets-thesis 

! LaTeX Error: File `scrreprt.cls' not found.

Type X to quit or <RETURN> to proceed,
or enter new name. (Default extension: cls)

Enter file name: 
! Emergency stop.
<read *> 
         
l.4 ^^M
       
*** (cannot \read from terminal in nonstop modes)

 
Here is how much of TeX's memory you used:
 30 strings out of 481258
 624 string characters out of 5914245
 265081 words of memory out of 5000000
 17059 multiletter control sequences out of 15000+600000
 403430 words of font info for 27 fonts, out of 8000000 for 9000
 14 hyphenation exceptions out of 8191
 45i,0n,51p,194b,13s stack positions out of 5000i,500n,10000p,200000b,80000s
!  ==> Fatal error occurred, no output PDF file produced!
